<?xml version="1.0" encoding="UTF-8"?>
<!-- Generated by org.testng.reporters.JUnitReportReporter -->
<testsuite hostname="Sadique" failures="0" tests="1" name="MockTaskFlipKart" time="17.471" errors="0" timestamp="2025-08-04T18:04:09 IST" skipped="0">
  <testcase classname="MockTaskFlipKart" name="flightBooking" time="17.471"/>
  <system-out/>
</testsuite> <!-- MockTaskFlipKart -->
